<?xml version="1.0" encoding="UTF-8"?>
<testng-results skipped="0" failed="0" total="1" passed="1">
  <reporter-output>
  </reporter-output>
  <suite name="com.mypackage.GoogleSearchTest" duration-ms="128833" started-at="2015-06-21T21:37:38Z" finished-at="2015-06-21T21:39:47Z">
    <groups>
    </groups>
    <test name="Command line test" duration-ms="128833" started-at="2015-06-21T21:37:38Z" finished-at="2015-06-21T21:39:47Z">
      <class name="com.mypackage.GoogleSearchTest">
        <test-method status="PASS" signature="setUp()[pri:0, instance:com.mypackage.GoogleSearchTest@614c5515]" name="setUp" is-config="true" duration-ms="16896" started-at="2015-06-22T00:37:38Z" finished-at="2015-06-22T00:37:55Z">
          <reporter-output>
          </reporter-output>
        </test-method> <!-- setUp -->
        <test-method status="PASS" signature="testing(java.lang.String)[pri:0, instance:com.mypackage.GoogleSearchTest@614c5515]" name="testing" duration-ms="110530" started-at="2015-06-22T00:37:55Z" finished-at="2015-06-22T00:39:45Z">
          <params>
            <param index="0">
              <value>
                <![CDATA[sexy girl young]]>
              </value>
            </param>
          </params>
          <reporter-output>
          </reporter-output>
        </test-method> <!-- testing -->
        <test-method status="PASS" signature="setDown()[pri:0, instance:com.mypackage.GoogleSearchTest@614c5515]" name="setDown" is-config="true" duration-ms="1394" started-at="2015-06-22T00:39:45Z" finished-at="2015-06-22T00:39:47Z">
          <reporter-output>
          </reporter-output>
        </test-method> <!-- setDown -->
      </class> <!-- com.mypackage.GoogleSearchTest -->
    </test> <!-- Command line test -->
  </suite> <!-- com.mypackage.GoogleSearchTest -->
</testng-results>
